<?xml version="1.0" encoding="UTF-8"?>
<testsuite xmlns:xsi="http://www.w3.org/2001/XMLSchema-instance" xsi:noNamespaceSchemaLocation="https://maven.apache.org/surefire/maven-surefire-plugin/xsd/surefire-test-report.xsd" version="3.0.1" name="HomeWork4.HomeWork4.Tests_Routes" time="0.15" tests="8" errors="0" skipped="0" failures="0">
  <properties>
[...]
</properties>
  <testcase name="Test_1" classname="HomeWork4.HomeWork4.Tests_Routes" time="0.058">
    <system-out><![CDATA[Test 1 : equilateral
]]></system-out>
  </testcase>
  <testcase name="Test_2" classname="HomeWork4.HomeWork4.Tests_Routes" time="0.005">
    <system-out><![CDATA[Test 2 : Nottriangle
]]></system-out>
  </testcase>
  <testcase name="Test_3" classname="HomeWork4.HomeWork4.Tests_Routes" time="0.002">
    <system-out><![CDATA[Test 3 : Nottriangle
]]></system-out>
  </testcase>
  <testcase name="Test_4" classname="HomeWork4.HomeWork4.Tests_Routes" time="0.003">
    <system-out><![CDATA[Test 4 : Nottriangle
]]></system-out>
  </testcase>
  <testcase name="Test_5" classname="HomeWork4.HomeWork4.Tests_Routes" time="0.001">
    <system-out><![CDATA[Test 5 : isosceles
]]></system-out>
  </testcase>
  <testcase name="Test_6" classname="HomeWork4.HomeWork4.Tests_Routes" time="0.002">
    <system-out><![CDATA[Test 6 : isosceles
]]></system-out>
  </testcase>
  <testcase name="Test_7" classname="HomeWork4.HomeWork4.Tests_Routes" time="0.001">
    <system-out><![CDATA[Test 7 : isosceles
]]></system-out>
  </testcase>
  <testcase name="Test_8" classname="HomeWork4.HomeWork4.Tests_Routes" time="0.001">
    <system-out><![CDATA[Test 8 : Scalene
]]></system-out>
  </testcase>
</testsuite>